<?xml version="1.0" encoding="utf-8"?><testsuites name="pytest tests"><testsuite name="pytest" errors="0" failures="0" skipped="0" tests="15" time="3.103" timestamp="2026-01-12T18:09:36.996943+00:00" hostname="agent-env-043d0c8a-20e8-4a37-a136-38b57f68bb01"><testcase classname="tests.test_certifications.TestCertificationsAPI" name="test_create_certification_success" time="0.330" /><testcase classname="tests.test_certifications.TestCertificationsAPI" name="test_create_certification_without_description" time="0.143" /><testcase classname="tests.test_certifications.TestCertificationsAPI" name="test_create_certification_invalid_contractor" time="0.114" /><testcase classname="tests.test_certifications.TestCertificationsAPI" name="test_create_multiple_certifications_updates_total" time="0.407" /><testcase classname="tests.test_certifications.TestCertificationsAPI" name="test_get_contractor_certifications_empty" time="0.111" /><testcase classname="tests.test_certifications.TestCertificationsAPI" name="test_get_contractor_certifications_with_data" time="0.251" /><testcase classname="tests.test_certifications.TestCertificationsAPI" name="test_get_certifications_sorted_by_week" time="0.354" /><testcase classname="tests.test_certifications.TestCertificationsAPI" name="test_delete_certification_success" time="0.285" /><testcase classname="tests.test_certifications.TestCertificationsAPI" name="test_delete_certification_not_found" time="0.108" /><testcase classname="tests.test_certifications.TestCertificationsAPI" name="test_delete_certification_updates_remaining_balance" time="0.227" /><testcase classname="tests.test_certifications.TestExistingCertifications" name="test_get_existing_contractor_certifications" time="0.035" /><testcase classname="tests.test_certifications.TestExistingCertifications" name="test_get_all_certifications" time="0.035" /><testcase classname="tests.test_certifications.TestCertificationEdgeCases" name="test_certification_exceeds_budget" time="0.169" /><testcase classname="tests.test_certifications.TestCertificationEdgeCases" name="test_certification_with_zero_amount" time="0.133" /><testcase classname="tests.test_certifications.TestCertificationEdgeCases" name="test_delete_prevents_negative_total_paid" time="0.258" /></testsuite></testsuites>